Preloaded 'discord_game_sdk.so'
Preloaded 'libsteam_api.so'
Display 0 '0x15E7': 1920x1080 (primary device).
Display 1 'V22FAB-RA': 1920x1080 (secondary device).
[Physics::Module] Initialized MultithreadedJobDispatcher with 15 workers.
Desktop is 1920 x 1080 @ 65 Hz
Initialize engine version: 2023.2.22f1 (6b19bf4f8115)
[Subsystems] Discovering subsystems at path /home/herbobra/.local/share/Steam/steamapps/common/Megabonk/Megabonk_Data/UnitySubsystems
kGfxThreadingModeClientWorkerNativeJobs is not supported on OpenGL Core. Reverting to kGfxThreadingModeClientWorkerJobs instead.
GfxDevice: creating device client; kGfxThreadingModeClientWorkerJobs
Renderer: AMD Radeon Graphics (radeonsi, renoir, ACO, DRM 3.64, 6.19.6-arch1-1)
Vendor:   AMD
Version:  4.6 (Core Profile) Mesa 26.0.1-arch1.1
GLES:     0
 GL_AMD_conservative_depth GL_AMD_depth_clamp_separate GL_AMD_draw_buffers_blend GL_AMD_framebuffer_multisample_advanced GL_AMD_gpu_shader_int64 GL_AMD_multi_draw_indirect GL_AMD_performance_monitor GL_AMD_pinned_memory GL_AMD_query_buffer_object GL_AMD_seamless_cubemap_per_texture GL_AMD_shader_stencil_export GL_AMD_shader_trinary_minmax GL_AMD_texture_texture4 GL_AMD_vertex_shader_layer GL_AMD_vertex_shader_viewport_index GL_ANGLE_texture_compression_dxt3 GL_ANGLE_texture_compression_dxt5 GL_ARB_ES2_compatibility GL_ARB_ES3_1_compatibility GL_ARB_ES3_2_compatibility GL_ARB_ES3_compatibility GL_ARB_arrays_of_arrays GL_ARB_base_instance GL_ARB_bindless_texture GL_ARB_blend_func_extended GL_ARB_buffer_storage GL_ARB_clear_buffer_object GL_ARB_clear_texture GL_ARB_clip_control GL_ARB_color_buffer_float GL_ARB_compressed_texture_pixel_storage GL_ARB_compute_shader GL_ARB_compute_variable_group_size GL_ARB_conditional_render_inverted GL_ARB_conservative_depth GL_ARB_copy_buffer GL_ARB_copy_image GL_ARB_cull_dist
ance GL_ARB_debug_output GL_ARB_depth_buffer_float GL_ARB_depth_clamp GL_ARB_derivative_control GL_ARB_direct_state_access GL_ARB_draw_buffers GL_ARB_draw_buffers_blend GL_ARB_draw_elements_base_vertex GL_ARB_draw_indirect GL_ARB_draw_instanced GL_ARB_enhanced_layouts GL_ARB_explicit_attrib_location GL_ARB_explicit_uniform_location GL_ARB_fragment_coord_conventions GL_ARB_fragment_layer_viewport GL_ARB_fragment_shader GL_ARB_framebuffer_no_attachments GL_ARB_framebuffer_object GL_ARB_framebuffer_sRGB GL_ARB_get_program_binary GL_ARB_get_texture_sub_image GL_ARB_gl_spirv GL_ARB_gpu_shader5 GL_ARB_gpu_shader_fp64 GL_ARB_gpu_shader_int64 GL_ARB_half_float_pixel GL_ARB_half_float_vertex GL_ARB_indirect_parameters GL_ARB_instanced_arrays GL_ARB_internalformat_query GL_ARB_internalformat_query2 GL_ARB_invalidate_subdata GL_ARB_map_buffer_alignment GL_ARB_map_buffer_range GL_ARB_multi_bind GL_ARB_multi_draw_indirect GL_ARB_occlusion_query2 GL_ARB_parallel_shader_compile GL_ARB_pipeline_statistics_query GL_ARB_pixel
_buffer_object GL_ARB_point_sprite GL_ARB_polygon_offset_clamp GL_ARB_program_interface_query GL_ARB_provoking_vertex GL_ARB_query_buffer_object GL_ARB_robust_buffer_access_behavior GL_ARB_robustness GL_ARB_sample_shading GL_ARB_sampler_objects GL_ARB_seamless_cube_map GL_ARB_seamless_cubemap_per_texture GL_ARB_separate_shader_objects GL_ARB_shader_atomic_counter_ops GL_ARB_shader_atomic_counters GL_ARB_shader_ballot GL_ARB_shader_bit_encoding GL_ARB_shader_clock GL_ARB_shader_draw_parameters GL_ARB_shader_group_vote GL_ARB_shader_image_load_store GL_ARB_shader_image_size GL_ARB_shader_objects GL_ARB_shader_precision GL_ARB_shader_stencil_export GL_ARB_shader_storage_buffer_object GL_ARB_shader_subroutine GL_ARB_shader_texture_image_samples GL_ARB_shader_texture_lod GL_ARB_shader_viewport_layer_array GL_ARB_shading_language_420pack GL_ARB_shading_language_include GL_ARB_shading_language_packing GL_ARB_sparse_buffer GL_ARB_sparse_texture GL_ARB_sparse_texture2 GL_ARB_sparse_texture_clamp GL_ARB_spirv_extensio
ns GL_ARB_stencil_texturing GL_ARB_sync GL_ARB_tessellation_shader GL_ARB_texture_barrier GL_ARB_texture_border_clamp GL_ARB_texture_buffer_object GL_ARB_texture_buffer_object_rgb32 GL_ARB_texture_buffer_range GL_ARB_texture_compression_bptc GL_ARB_texture_compression_rgtc GL_ARB_texture_cube_map_array GL_ARB_texture_filter_anisotropic GL_ARB_texture_filter_minmax GL_ARB_texture_float GL_ARB_texture_gather GL_ARB_texture_mirror_clamp_to_edge GL_ARB_texture_multisample GL_ARB_texture_non_power_of_two GL_ARB_texture_query_levels GL_ARB_texture_query_lod GL_ARB_texture_rectangle GL_ARB_texture_rg GL_ARB_texture_rgb10_a2ui GL_ARB_texture_stencil8 GL_ARB_texture_storage GL_ARB_texture_storage_multisample GL_ARB_texture_swizzle GL_ARB_texture_view GL_ARB_timer_query GL_ARB_transform_feedback2 GL_ARB_transform_feedback3 GL_ARB_transform_feedback_instanced GL_ARB_transform_feedback_overflow_query GL_ARB_uniform_buffer_object GL_ARB_vertex_array_bgra GL_ARB_vertex_array_object GL_ARB_vertex_attrib_64bit GL_ARB_vertex
_attrib_binding GL_ARB_vertex_buffer_object GL_ARB_vertex_shader GL_ARB_vertex_type_10f_11f_11f_rev GL_ARB_vertex_type_2_10_10_10_rev GL_ARB_viewport_array GL_ATI_blend_equation_separate GL_ATI_meminfo GL_ATI_texture_float GL_ATI_texture_mirror_once GL_EXT_EGL_image_storage GL_EXT_EGL_image_storage_compression GL_EXT_EGL_sync GL_EXT_abgr GL_EXT_blend_equation_separate GL_EXT_debug_label GL_EXT_demote_to_helper_invocation GL_EXT_depth_bounds_test GL_EXT_draw_buffers2 GL_EXT_draw_instanced GL_EXT_framebuffer_blit GL_EXT_framebuffer_multisample GL_EXT_framebuffer_multisample_blit_scaled GL_EXT_framebuffer_object GL_EXT_framebuffer_sRGB GL_EXT_memory_object GL_EXT_memory_object_fd GL_EXT_packed_depth_stencil GL_EXT_packed_float GL_EXT_pixel_buffer_object GL_EXT_polygon_offset_clamp GL_EXT_provoking_vertex GL_EXT_semaphore GL_EXT_semaphore_fd GL_EXT_shader_clock GL_EXT_shader_image_load_formatted GL_EXT_shader_image_load_store GL_EXT_shader_integer_mix GL_EXT_shader_samples_identical GL_EXT_texture_array GL_EXT_t
exture_compression_dxt1 GL_EXT_texture_compression_rgtc GL_EXT_texture_compression_s3tc GL_EXT_texture_filter_anisotropic GL_EXT_texture_filter_minmax GL_EXT_texture_integer GL_EXT_texture_mirror_clamp GL_EXT_texture_sRGB GL_EXT_texture_sRGB_R8 GL_EXT_texture_sRGB_decode GL_EXT_texture_shadow_lod GL_EXT_texture_shared_exponent GL_EXT_texture_snorm GL_EXT_texture_storage GL_EXT_texture_swizzle GL_EXT_timer_query GL_EXT_transform_feedback GL_EXT_vertex_array_bgra GL_EXT_vertex_attrib_64bit GL_EXT_window_rectangles GL_IBM_multimode_draw_arrays GL_INTEL_blackhole_render GL_KHR_blend_equation_advanced GL_KHR_context_flush_control GL_KHR_debug GL_KHR_no_error GL_KHR_parallel_shader_compile GL_KHR_robust_buffer_access_behavior GL_KHR_robustness GL_KHR_shader_subgroup GL_KHR_texture_compression_astc_ldr GL_KHR_texture_compression_astc_sliced_3d GL_MESA_framebuffer_flip_y GL_MESA_pack_invert GL_MESA_shader_integer_functions GL_MESA_texture_const_bandwidth GL_MESA_texture_signed_rgba GL_NVX_gpu_memory_info GL_NV_alpha
_to_coverage_dither_control GL_NV_compute_shader_derivatives GL_NV_conditional_render GL_NV_copy_image GL_NV_depth_clamp GL_NV_packed_depth_stencil GL_NV_shader_atomic_int64 GL_NV_texture_barrier GL_OES_EGL_image GL_S3_s3tc
OPENGL LOG: Creating OpenGL 4.6 graphics device ; Context level  <OpenGL 4.5> ; Context handle 327447504
Default vsync count 1
requesting resize 1920 x 1080
Using native desktop resolution 1920 x 1080
requesting fullscreen 1920 x 1080 at 0/1 Hz
Desktop is 1920 x 1080 @ 65 Hz
UnloadTime: 0.632516 ms
The referenced script on this Behaviour (Game Object 'AlwaysManagers') is missing!
Unloading 6 Unused Serialized files (Serialized files now loaded: 3)
UnloadTime: 1.458936 ms
Rewired save path set to: /home/herbobra/.config/unity3d/Ved/Megabonk/Saves/CloudDir/69/controller_config.json
UnityEngine.DebugLogHandler:Internal_Log(LogType, LogOption, String, Object)
Rewired.Data.UserDataStore_File:OnInitialize()
Rewired.ReInput:FCtdvICrQuxSXlSRdnjaCOBvCvuS(InputManager_Base, Func`2, ConfigVars, ControllerDataFiles, UserData, Func`1, Action`1, Action`1)
Rewired.InputManager_Base:JuanJwxCSEdCpEyDivLkYBNFSMNr()

Playing on version 1.0.69
 Unity Version 2023.2.22f1
UnityEngine.DebugLogHandler:Internal_Log(LogType, LogOption, String, Object)
AlwaysManager:Awake()

[S_API] SteamAPI_Init(): Loaded '/home/herbobra/.local/share/Steam/linux64/steamclient.so' OK.
Setting breakpad minidump AppID = 3405340
SteamInternal_SetMinidumpSteamID:  Caching Steam ID:  76561198373318705 [API loaded no]
Steam initialized
UnityEngine.DebugLogHandler:Internal_Log(LogType, LogOption, String, Object)
AlwaysManager:Awake()

Rewired save path set to: /home/herbobra/.config/unity3d/Ved/Megabonk/Saves/CloudDir/76561198373318705/controller_config.json
UnityEngine.DebugLogHandler:Internal_Log(LogType, LogOption, String, Object)
MyInputManager:OnSavesLoaded()
SaveManager:Load(UInt64, Boolean, String&, String&)
SaveManager:Load(Boolean)

Unloading 101 unused Assets to reduce memory usage. Loaded Objects now: 22574.
Total: 11.820927 ms (FindLiveObjects: 1.737578 ms CreateObjectMapping: 0.741641 ms MarkObjects: 9.201846 ms  DeleteObjects: 0.139411 ms)

[FontPrewarm] Prewarmed 140 characters for ru
UnityEngine.DebugLogHandler:Internal_Log(LogType, LogOption, String, Object)
LocalizationPrewarmer:PrewarmFontAsset(TMP_FontAsset, Locale)
LocalizationPrewarmer:Start()

requesting resize 1920 x 1080
Using native desktop resolution 1920 x 1080
requesting fullscreen 1920 x 1080 at 0/1 Hz
Desktop is 1920 x 1080 @ 65 Hz
Unloading 5 Unused Serialized files (Serialized files now loaded: 3)
UnloadTime: 12.793240 ms
Unloading 754 unused Assets to reduce memory usage. Loaded Objects now: 13267.
Total: 11.569055 ms (FindLiveObjects: 0.603953 ms CreateObjectMapping: 0.497352 ms MarkObjects: 8.834767 ms  DeleteObjects: 1.632301 ms)

The referenced script on this Behaviour (Game Object 'AlwaysManagers') is missing!
Unloading 6 Unused Serialized files (Serialized files now loaded: 3)
UnloadTime: 0.354625 ms
Unloading 6 unused Assets to reduce memory usage. Loaded Objects now: 32385.
Total: 14.161085 ms (FindLiveObjects: 1.912997 ms CreateObjectMapping: 1.207514 ms MarkObjects: 10.818768 ms  DeleteObjects: 0.221275 ms)

Setting up 8 worker threads for Enlighten.
warning: queue 0x1387f830 destroyed while proxies still attached:
  wl_callback#44 still attached
  wl_surface#36 still attached
Memory Statistics:
[ALLOC_TEMP_TLS] TLS Allocator
  StackAllocators : 
    [ALLOC_TEMP_MAIN]
      Peak usage frame count: [0-1.0 KB]: 69 frames, [4.0 KB-8.0 KB]: 983 frames, [8.0 KB-16.0 KB]: 2768 frames, [16.0 KB-32.0 KB]: 11151 frames, [32.0 KB-64.0 KB]: 14366 frames, [64.0 KB-128.0 KB]: 35 frames, [128.0 KB-256.0 KB]: 1414 frames, [1.0 MB-2.0 MB]: 1 frames, [2.0 MB-4.0 MB]: 1 frames, [4.0 MB-8.0 MB]: 2 frames
      Initial Block Size 4.0 MB
      Current Block Size 5.6 MB
      Peak Allocated Bytes 5.6 MB
      Overflow Count 0
    [ALLOC_TEMP_Background Job.worker 4]
      Initial Block Size 32.0 KB
      Current Block Size 32.0 KB
      Peak Allocated Bytes 0 B
      Overflow Count 0
    [ALLOC_TEMP_Loading.PreloadManager]
      Initial Block Size 256.0 KB
      Current Block Size 0.5 MB
      Peak Allocated Bytes 447.6 KB
      Overflow Count 16248
    [ALLOC_TEMP_Background Job.worker 3]
      Initial Block Size 32.0 KB
      Current Block Size 36.0 KB
      Peak Allocated Bytes 32.0 KB
      Overflow Count 0
    [ALLOC_TEMP_Background Job.worker 11]
      Initial Block Size 32.0 KB
      Current Block Size 32.0 KB
      Peak Allocated Bytes 0 B
      Overflow Count 0
    [ALLOC_TEMP_Background Job.worker 7]
      Initial Block Size 32.0 KB
      Current Block Size 32.0 KB
      Peak Allocated Bytes 0 B
      Overflow Count 0
    [ALLOC_TEMP_Background Job.worker 6]
      Initial Block Size 32.0 KB
      Current Block Size 32.0 KB
      Peak Allocated Bytes 0 B
      Overflow Count 0
    [ALLOC_TEMP_Job.worker 11]
      Initial Block Size 256.0 KB
      Current Block Size 256.0 KB
      Peak Allocated Bytes 84.1 KB
      Overflow Count 0
    [ALLOC_TEMP_Background Job.worker 12]
      Initial Block Size 32.0 KB
      Current Block Size 32.0 KB
      Peak Allocated Bytes 0 B
      Overflow Count 0
    [ALLOC_TEMP_Background Job.worker 10]
      Initial Block Size 32.0 KB
      Current Block Size 32.0 KB
      Peak Allocated Bytes 0 B
      Overflow Count 0
    [ALLOC_TEMP_Background Job.worker 9]
      Initial Block Size 32.0 KB
      Current Block Size 32.0 KB
      Peak Allocated Bytes 0 B
      Overflow Count 0
    [ALLOC_TEMP_Job.worker 0]
      Initial Block Size 256.0 KB
      Current Block Size 256.0 KB
      Peak Allocated Bytes 85.1 KB
      Overflow Count 0
    [ALLOC_TEMP_Job.worker 4]
      Initial Block Size 256.0 KB
      Current Block Size 256.0 KB
      Peak Allocated Bytes 84.1 KB
      Overflow Count 0
    [ALLOC_TEMP_Job.worker 5]
      Initial Block Size 256.0 KB
      Current Block Size 256.0 KB
      Peak Allocated Bytes 84.5 KB
      Overflow Count 0
    [ALLOC_TEMP_Job.worker 14]
      Initial Block Size 256.0 KB
      Current Block Size 256.0 KB
      Peak Allocated Bytes 86.3 KB
      Overflow Count 0
    [ALLOC_TEMP_Background Job.worker 2]
      Initial Block Size 32.0 KB
      Current Block Size 32.0 KB
      Peak Allocated Bytes 0 B
      Overflow Count 0
    [ALLOC_TEMP_Job.worker 13]
      Initial Block Size 256.0 KB
      Current Block Size 256.0 KB
      Peak Allocated Bytes 86.2 KB
      Overflow Count 0
    [ALLOC_TEMP_Background Job.worker 1]
      Initial Block Size 32.0 KB
      Current Block Size 36.0 KB
      Peak Allocated Bytes 35.3 KB
      Overflow Count 0
    [ALLOC_TEMP_EnlightenWorker] x 8
      Initial Block Size 64.0 KB
      Current Block Size 64.0 KB
      Peak Allocated Bytes 0 B
      Overflow Count 0
    [ALLOC_TEMP_Job.worker 1]
      Initial Block Size 256.0 KB
      Current Block Size 256.0 KB
      Peak Allocated Bytes 92.0 KB
      Overflow Count 0
    [ALLOC_TEMP_Job.worker 3]
      Initial Block Size 256.0 KB
      Current Block Size 256.0 KB
      Peak Allocated Bytes 84.2 KB
      Overflow Count 0
    [ALLOC_TEMP_Background Job.worker 13]
      Initial Block Size 32.0 KB
      Current Block Size 32.0 KB
      Peak Allocated Bytes 0 B
      Overflow Count 0
    [ALLOC_TEMP_Background Job.worker 8]
      Initial Block Size 32.0 KB
      Current Block Size 32.0 KB
      Peak Allocated Bytes 0 B
      Overflow Count 0
    [ALLOC_TEMP_Job.worker 12]
      Initial Block Size 256.0 KB
      Current Block Size 256.0 KB
      Peak Allocated Bytes 84.1 KB
      Overflow Count 0
    [ALLOC_TEMP_UnityGfxDeviceWorker]
      Initial Block Size 256.0 KB
      Current Block Size 256.0 KB
      Peak Allocated Bytes 67.1 KB
      Overflow Count 0
    [ALLOC_TEMP_AssetGarbageCollectorHelper] x 15
      Initial Block Size 64.0 KB
      Current Block Size 64.0 KB
      Peak Allocated Bytes 0 B
      Overflow Count 0
    [ALLOC_TEMP_Background Job.worker 15]
      Initial Block Size 32.0 KB
      Current Block Size 32.0 KB
      Peak Allocated Bytes 0 B
      Overflow Count 0
    [ALLOC_TEMP_Background Job.worker 5]
      Initial Block Size 32.0 KB
      Current Block Size 32.0 KB
      Peak Allocated Bytes 0 B
      Overflow Count 0
    [ALLOC_TEMP_Job.worker 2]
      Initial Block Size 256.0 KB
      Current Block Size 256.0 KB
      Peak Allocated Bytes 88.1 KB
      Overflow Count 0
    [ALLOC_TEMP_Job.worker 10]
      Initial Block Size 256.0 KB
      Current Block Size 256.0 KB
      Peak Allocated Bytes 84.1 KB
      Overflow Count 0
    [ALLOC_TEMP_Job.worker 7]
      Initial Block Size 256.0 KB
      Current Block Size 256.0 KB
      Peak Allocated Bytes 84.1 KB
      Overflow Count 0
    [ALLOC_TEMP_Job.worker 9]
      Initial Block Size 256.0 KB
      Current Block Size 256.0 KB
      Peak Allocated Bytes 84.1 KB
      Overflow Count 0
    [ALLOC_TEMP_Background Job.worker 0]
      Initial Block Size 32.0 KB
      Current Block Size 32.0 KB
      Peak Allocated Bytes 0 B
      Overflow Count 0
    [ALLOC_TEMP_Job.worker 6]
      Initial Block Size 256.0 KB
      Current Block Size 256.0 KB
      Peak Allocated Bytes 84.1 KB
      Overflow Count 0
    [ALLOC_TEMP_Job.worker 8]
      Initial Block Size 256.0 KB
      Current Block Size 256.0 KB
      Peak Allocated Bytes 84.1 KB
      Overflow Count 0
    [ALLOC_TEMP_Background Job.worker 14]
      Initial Block Size 32.0 KB
      Current Block Size 32.0 KB
      Peak Allocated Bytes 0 B
      Overflow Count 0
    [ALLOC_TEMP_Loading.AsyncRead]
      Initial Block Size 64.0 KB
      Current Block Size 64.0 KB
      Peak Allocated Bytes 256 B
      Overflow Count 0
    [ALLOC_TEMP_BatchDeleteObjects]
      Initial Block Size 64.0 KB
      Current Block Size 64.0 KB
      Peak Allocated Bytes 0 B
      Overflow Count 0
[ALLOC_DEFAULT] Dual Thread Allocator
  Peak main deferred allocation count 14549
    [ALLOC_BUCKET]
      Large Block size 4.0 MB
      Used Block count 1
      Peak Allocated bytes 4.0 MB
      Failed Allocations. Bucket layout:
        16B: 5 Subsections = 5120 buckets. Failed count: 513145
        32B: 33 Subsections = 16896 buckets. Failed count: 35129
        48B: 38 Subsections = 12970 buckets. Failed count: 5128278
        64B: 50 Subsections = 12800 buckets. Failed count: 146012
        80B: 31 Subsections = 6348 buckets. Failed count: 35175
        96B: 46 Subsections = 7850 buckets. Failed count: 104017
        112B: 48 Subsections = 7021 buckets. Failed count: 97267
        128B: 5 Subsections = 640 buckets. Failed count: 17120
    [ALLOC_DEFAULT_MAIN]
      Peak usage frame count: [32.0 MB-64.0 MB]: 55 frames, [64.0 MB-128.0 MB]: 10854 frames, [128.0 MB-256.0 MB]: 19881 frames
      Requested Block Size 16.0 MB
      Peak Block count 9
      Peak Allocated memory 158.5 MB
      Peak Large allocation bytes 33.2 MB
    [ALLOC_DEFAULT_THREAD]
      Peak usage frame count: [16.0 MB-32.0 MB]: 55 frames, [32.0 MB-64.0 MB]: 10842 frames, [64.0 MB-128.0 MB]: 19893 frames
      Requested Block Size 16.0 MB
      Peak Block count 5
      Peak Allocated memory 79.3 MB
      Peak Large allocation bytes 26.6 MB
[ALLOC_TEMP_JOB_1_FRAME]
  Initial Block Size 2.0 MB
  Used Block Count 1
  Overflow Count (too large) 0
  Overflow Count (full) 0
[ALLOC_TEMP_JOB_2_FRAMES]
  Initial Block Size 2.0 MB
  Used Block Count 0
  Overflow Count (too large) 0
  Overflow Count (full) 0
[ALLOC_TEMP_JOB_4_FRAMES (JobTemp)]
  Initial Block Size 2.0 MB
  Used Block Count 1
  Overflow Count (too large) 0
  Overflow Count (full) 0
[ALLOC_TEMP_JOB_ASYNC (Background)]
  Initial Block Size 1.0 MB
  Used Block Count 1
  Overflow Count (too large) 0
  Overflow Count (full) 0
[ALLOC_GFX] Dual Thread Allocator
  Peak main deferred allocation count 64
    [ALLOC_BUCKET]
      Large Block size 4.0 MB
      Used Block count 1
      Peak Allocated bytes 4.0 MB
      Failed Allocations. Bucket layout:
        16B: 5 Subsections = 5120 buckets. Failed count: 513145
        32B: 33 Subsections = 16896 buckets. Failed count: 35129
        48B: 38 Subsections = 12970 buckets. Failed count: 5128278
        64B: 50 Subsections = 12800 buckets. Failed count: 146012
        80B: 31 Subsections = 6348 buckets. Failed count: 35175
        96B: 46 Subsections = 7850 buckets. Failed count: 104017
        112B: 48 Subsections = 7021 buckets. Failed count: 97267
        128B: 5 Subsections = 640 buckets. Failed count: 17120
    [ALLOC_GFX_MAIN]
      Peak usage frame count: [32.0 KB-64.0 KB]: 54 frames, [128.0 KB-256.0 KB]: 18 frames, [256.0 KB-0.5 MB]: 59 frames, [0.5 MB-1.0 MB]: 10683 frames, [1.0 MB-2.0 MB]: 95 frames, [2.0 MB-4.0 MB]: 18704 frames, [4.0 MB-8.0 MB]: 1177 frames
      Requested Block Size 16.0 MB
      Peak Block count 1
      Peak Allocated memory 4.5 MB
      Peak Large allocation bytes 0 B
    [ALLOC_GFX_THREAD]
      Peak usage frame count: [64.0 MB-128.0 MB]: 10900 frames, [128.0 MB-256.0 MB]: 19890 frames
      Requested Block Size 16.0 MB
      Peak Block count 9
      Peak Allocated memory 129.8 MB
      Peak Large allocation bytes 0 B
[ALLOC_CACHEOBJECTS] Dual Thread Allocator
  Peak main deferred allocation count 127
    [ALLOC_BUCKET]
      Large Block size 4.0 MB
      Used Block count 1
      Peak Allocated bytes 4.0 MB
      Failed Allocations. Bucket layout:
        16B: 5 Subsections = 5120 buckets. Failed count: 513145
        32B: 33 Subsections = 16896 buckets. Failed count: 35129
        48B: 38 Subsections = 12970 buckets. Failed count: 5128278
        64B: 50 Subsections = 12800 buckets. Failed count: 146012
        80B: 31 Subsections = 6348 buckets. Failed count: 35175
        96B: 46 Subsections = 7850 buckets. Failed count: 104017
        112B: 48 Subsections = 7021 buckets. Failed count: 97267
        128B: 5 Subsections = 640 buckets. Failed count: 17120
    [ALLOC_CACHEOBJECTS_MAIN]
      Peak usage frame count: [64.0 MB-128.0 MB]: 30790 frames
      Requested Block Size 4.0 MB
      Peak Block count 18
      Peak Allocated memory 98.0 MB
      Peak Large allocation bytes 30.7 MB
    [ALLOC_CACHEOBJECTS_THREAD]
      Peak usage frame count: [16.0 MB-32.0 MB]: 54 frames, [32.0 MB-64.0 MB]: 1 frames, [128.0 MB-256.0 MB]: 30735 frames
      Requested Block Size 4.0 MB
      Peak Block count 37
      Peak Allocated memory 214.8 MB
      Peak Large allocation bytes 80.3 MB
[ALLOC_TYPETREE] Dual Thread Allocator
  Peak main deferred allocation count 0
    [ALLOC_BUCKET]
      Large Block size 4.0 MB
      Used Block count 1
      Peak Allocated bytes 4.0 MB
      Failed Allocations. Bucket layout:
        16B: 5 Subsections = 5120 buckets. Failed count: 513145
        32B: 33 Subsections = 16896 buckets. Failed count: 35129
        48B: 38 Subsections = 12970 buckets. Failed count: 5128278
        64B: 50 Subsections = 12800 buckets. Failed count: 146012
        80B: 31 Subsections = 6348 buckets. Failed count: 35175
        96B: 46 Subsections = 7850 buckets. Failed count: 104017
        112B: 48 Subsections = 7021 buckets. Failed count: 97267
        128B: 5 Subsections = 640 buckets. Failed count: 17120
    [ALLOC_TYPETREE_MAIN]
      Peak usage frame count: [8.0 KB-16.0 KB]: 30790 frames
      Requested Block Size 2.0 MB
      Peak Block count 1
      Peak Allocated memory 9.7 KB
      Peak Large allocation bytes 0 B
    [ALLOC_TYPETREE_THREAD]
      Peak usage frame count: [8.0 KB-16.0 KB]: 1 frames, [16.0 KB-32.0 KB]: 3 frames, [32.0 KB-64.0 KB]: 51 frames, [256.0 KB-0.5 MB]: 30735 frames
      Requested Block Size 2.0 MB
      Peak Block count 1
      Peak Allocated memory 428.3 KB
      Peak Large allocation bytes 0 B
