2025-09-22 02:36:24 Loading main app package /usr/lib/obsidian/obsidian.asar
2025-09-22 02:36:25 Checking for update using Github
2025-09-22 02:36:25 Success.
2025-09-22 02:36:25 Latest version is 1.9.12
2025-09-22 02:36:25 App is up to date.
2025-09-22 17:24:29 Loading main app package /usr/lib/obsidian/obsidian.asar
2025-09-22 17:24:29 Checking for update using Github
2025-09-22 17:24:29 Success.
2025-09-22 17:24:29 Latest version is 1.9.12
2025-09-22 17:24:29 App is up to date.
2025-09-22 18:24:29 Checking for update using Github
2025-09-22 18:24:29 Success.
2025-09-22 18:24:29 Latest version is 1.9.12
2025-09-22 18:24:29 App is up to date.
2025-09-27 09:42:26 Loading main app package /usr/lib/obsidian/obsidian.asar
2025-09-27 09:42:26 Checking for update using Github
2025-09-27 09:42:27 Success.
2025-09-27 09:42:27 Latest version is 1.9.12
2025-09-27 09:42:27 App is up to date.
2025-09-27 10:42:31 Loading main app package /usr/lib/obsidian/obsidian.asar
2025-09-27 10:42:32 Checking for update using Github
2025-09-27 10:42:32 Success.
2025-09-27 10:42:32 Latest version is 1.9.12
2025-09-27 10:42:32 App is up to date.
2025-09-27 11:42:31 Checking for update using Github
2025-09-27 11:42:32 Success.
2025-09-27 11:42:32 Latest version is 1.9.12
2025-09-27 11:42:32 App is up to date.
2025-10-09 03:59:50 Loading main app package /usr/lib/obsidian/obsidian.asar
2025-10-09 03:59:50 Checking for update using Github
2025-10-09 03:59:50 Success.
2025-10-09 03:59:50 Latest version is 1.9.14
2025-10-09 03:59:50 Downloading update from https://github.com/obsidianmd/obsidian-releases/releases/download/v1.9.14/obsidian-1.9.14.asar.gz
2025-10-09 03:59:52 Verifying hash & signature. Size= 9033685
2025-10-09 03:59:52 Saving file
2025-10-09 03:59:52 Update complete.
2025-10-11 06:09:28 Loading updated app package /home/herbobra/.config/obsidian/obsidian-1.9.14.asar
2025-10-11 06:09:29 Checking for update using Github
2025-10-11 06:09:29 Success.
2025-10-11 06:09:29 Latest version is 1.9.14
2025-10-11 06:09:29 App is up to date.
2025-10-11 06:55:23 Loading updated app package /home/herbobra/.config/obsidian/obsidian-1.9.14.asar
2025-10-11 06:55:24 Checking for update using Github
2025-10-11 06:55:24 Success.
2025-10-11 06:55:24 Latest version is 1.9.14
2025-10-11 06:55:24 App is up to date.
2025-10-11 07:55:23 Checking for update using Github
2025-10-11 07:55:24 Success.
2025-10-11 07:55:24 Latest version is 1.9.14
2025-10-11 07:55:24 App is up to date.
2025-10-11 08:55:23 Checking for update using Github
2025-10-11 08:55:24 Success.
2025-10-11 08:55:24 Latest version is 1.9.14
2025-10-11 08:55:24 App is up to date.
2025-10-12 06:57:28 Loading updated app package /home/herbobra/.config/obsidian/obsidian-1.9.14.asar
2025-10-12 06:57:28 Checking for update using Github
2025-10-12 06:57:29 Success.
2025-10-12 06:57:29 Latest version is 1.9.14
2025-10-12 06:57:29 App is up to date.
2025-10-12 07:53:19 Loading updated app package /home/herbobra/.config/obsidian/obsidian-1.9.14.asar
2025-10-12 07:53:19 Checking for update using Github
2025-10-12 07:53:19 Success.
2025-10-12 07:53:19 Latest version is 1.9.14
2025-10-12 07:53:19 App is up to date.
2025-10-12 08:54:43 Checking for update using Github
2025-10-12 08:54:43 Success.
2025-10-12 08:54:43 Latest version is 1.9.14
2025-10-12 08:54:43 App is up to date.
2025-10-12 09:54:44 Checking for update using Github
2025-10-12 09:54:45 Success.
2025-10-12 09:54:45 Latest version is 1.9.14
2025-10-12 09:54:45 App is up to date.
2025-10-15 18:58:25 Loading updated app package /home/herbobra/.config/obsidian/obsidian-1.9.14.asar
2025-10-15 18:58:25 Checking for update using Github
2025-10-15 18:58:25 Success.
2025-10-15 18:58:25 Latest version is 1.9.14
2025-10-15 18:58:25 App is up to date.
2025-10-19 07:00:42 Loading main app package /usr/lib/obsidian/obsidian.asar
2025-10-19 07:00:42 Checking for update using Github
2025-10-19 07:00:43 Success.
2025-10-19 07:00:43 Latest version is 1.9.14
2025-10-19 07:00:43 App is up to date.
2025-10-20 04:12:21 Loading main app package /usr/lib/obsidian/obsidian.asar
2025-10-20 04:12:21 Checking for update using Github
2025-10-20 04:12:21 Success.
2025-10-20 04:12:21 Latest version is 1.9.14
2025-10-20 04:12:21 App is up to date.
2025-10-27 18:05:16 Loading main app package /usr/lib/obsidian/obsidian.asar
2025-10-27 18:05:17 Checking for update using Github
2025-10-27 18:05:17 Success.
2025-10-27 18:05:17 Latest version is 1.9.14
2025-10-27 18:05:17 App is up to date.
2025-10-29 16:29:08 Loading main app package /usr/lib/obsidian/obsidian.asar
2025-10-29 16:29:09 Checking for update using Github
2025-10-29 16:29:09 Success.
2025-10-29 16:29:09 Latest version is 1.9.14
2025-10-29 16:29:09 App is up to date.
2025-10-29 16:36:35 Loading main app package /usr/lib/obsidian/obsidian.asar
2025-10-29 16:36:35 Checking for update using Github
2025-10-29 16:56:33 Loading main app package /usr/lib/obsidian/obsidian.asar
2025-10-29 16:56:33 Checking for update using Github
2025-10-29 17:29:08 Checking for update using Github
2025-10-29 17:29:08 Success.
2025-10-29 17:29:08 Latest version is 1.9.14
2025-10-29 17:29:08 App is up to date.
2025-10-29 18:29:08 Checking for update using Github
2025-10-29 18:29:08 Success.
2025-10-29 18:29:08 Latest version is 1.9.14
2025-10-29 18:29:08 App is up to date.
2025-10-29 19:29:08 Checking for update using Github
2025-10-29 19:29:08 Success.
2025-10-29 19:29:08 Latest version is 1.9.14
2025-10-29 19:29:08 App is up to date.
2025-10-29 21:14:49 Checking for update using Github
2025-10-29 21:14:49 Success.
2025-10-29 21:14:49 Latest version is 1.9.14
2025-10-29 21:14:49 App is up to date.
2025-10-30 19:33:28 Loading main app package /usr/lib/obsidian/obsidian.asar
2025-10-30 19:33:29 Checking for update using Github
2025-10-30 19:33:29 Success.
2025-10-30 19:33:29 Latest version is 1.9.14
2025-10-30 19:33:29 App is up to date.
2025-10-30 20:33:28 Checking for update using Github
2025-10-30 20:33:29 Success.
2025-10-30 20:33:29 Latest version is 1.9.14
2025-10-30 20:33:29 App is up to date.
2025-11-05 16:01:27 Loading main app package /usr/lib/obsidian/obsidian.asar
2025-11-05 16:01:27 Checking for update using Github
2025-11-05 16:01:28 Success.
2025-11-05 16:01:28 Latest version is 1.9.14
2025-11-05 16:01:28 App is up to date.
2025-11-05 17:01:27 Checking for update using Github
2025-11-05 17:01:27 Success.
2025-11-05 17:01:27 Latest version is 1.9.14
2025-11-05 17:01:27 App is up to date.
2025-11-05 18:01:27 Checking for update using Github
2025-11-05 18:01:27 Success.
2025-11-05 18:01:27 Latest version is 1.9.14
2025-11-05 18:01:27 App is up to date.
2025-11-06 04:38:24 Loading main app package /usr/lib/obsidian/obsidian.asar
2025-11-06 04:38:25 Checking for update using Github
2025-11-06 04:38:25 Success.
2025-11-06 04:38:25 Latest version is 1.9.14
2025-11-06 04:38:25 App is up to date.
2025-11-11 04:42:17 Loading main app package /usr/lib/obsidian/obsidian.asar
2025-11-11 04:42:17 Checking for update using Github
2025-11-11 04:42:18 Success.
2025-11-11 04:42:18 Latest version is 1.9.14
2025-11-11 04:42:18 App is up to date.
2025-11-14 04:59:59 Loading main app package /usr/lib/obsidian/obsidian.asar
2025-11-14 04:59:59 Checking for update using Github
2025-11-14 05:00:00 Success.
2025-11-14 05:00:00 Latest version is 1.10.3
2025-11-14 05:00:00 Downloading update from https://github.com/obsidianmd/obsidian-releases/releases/download/v1.10.3/obsidian-1.10.3.asar.gz
2025-11-14 05:00:01 Verifying hash & signature. Size= 9053948
2025-11-14 05:00:01 Saving file
2025-11-14 05:00:01 Update complete.
2025-11-15 09:11:18 Loading updated app package /home/herbobra/.config/obsidian/obsidian-1.10.3.asar
2025-11-15 09:11:19 Checking for update using Github
2025-11-15 09:11:19 Success.
2025-11-15 09:11:19 Latest version is 1.10.3
2025-11-15 09:11:19 App is up to date.
2025-11-15 10:11:18 Checking for update using Github
2025-11-15 10:11:19 Success.
2025-11-15 10:11:19 Latest version is 1.10.3
2025-11-15 10:11:19 App is up to date.
2025-11-15 11:11:18 Checking for update using Github
2025-11-15 11:11:19 Success.
2025-11-15 11:11:19 Latest version is 1.10.3
2025-11-15 11:11:19 App is up to date.
2025-11-30 11:02:55 Loading main app package /usr/lib/obsidian/obsidian.asar
2025-11-30 11:02:55 Checking for update using Github
2025-11-30 11:02:56 Success.
2025-11-30 11:02:56 Latest version is 1.10.6
2025-11-30 11:02:56 App is up to date.
2025-11-30 12:02:55 Checking for update using Github
2025-11-30 12:02:55 Success.
2025-11-30 12:02:55 Latest version is 1.10.6
2025-11-30 12:02:55 App is up to date.
2025-11-30 13:02:55 Checking for update using Github
2025-11-30 13:02:55 Success.
2025-11-30 13:02:55 Latest version is 1.10.6
2025-11-30 13:02:55 App is up to date.
2025-12-03 16:15:52 Loading main app package /usr/lib/obsidian/obsidian.asar
2025-12-03 16:15:52 Checking for update using Github
2025-12-03 16:15:53 Success.
2025-12-03 16:15:53 Latest version is 1.10.6
2025-12-03 16:15:53 App is up to date.
2025-12-07 12:05:21 Loading main app package /usr/lib/obsidian/obsidian.asar
2025-12-07 12:05:21 Checking for update using Github
2025-12-07 12:05:22 Success.
2025-12-07 12:05:22 Latest version is 1.10.6
2025-12-07 12:05:22 App is up to date.
2025-12-07 13:05:21 Checking for update using Github
2025-12-07 13:05:22 Success.
2025-12-07 13:05:22 Latest version is 1.10.6
2025-12-07 13:05:22 App is up to date.
2025-12-10 16:01:00 Loading main app package /usr/lib/obsidian/obsidian.asar
2025-12-10 16:01:00 Checking for update using Github
2025-12-10 16:01:00 Success.
2025-12-10 16:01:00 Latest version is 1.10.6
2025-12-10 16:01:00 App is up to date.
2025-12-10 17:01:00 Checking for update using Github
2025-12-10 17:01:00 Success.
2025-12-10 17:01:00 Latest version is 1.10.6
2025-12-10 17:01:00 App is up to date.
2025-12-10 18:01:00 Checking for update using Github
2025-12-10 18:01:00 Success.
2025-12-10 18:01:00 Latest version is 1.10.6
2025-12-10 18:01:00 App is up to date.
2025-12-10 19:01:00 Checking for update using Github
2025-12-10 19:01:00 Success.
2025-12-10 19:01:00 Latest version is 1.10.6
2025-12-10 19:01:00 App is up to date.
2025-12-10 20:01:00 Checking for update using Github
2025-12-10 20:01:00 Success.
2025-12-10 20:01:00 Latest version is 1.10.6
2025-12-10 20:01:00 App is up to date.
2025-12-10 21:01:00 Checking for update using Github
2025-12-10 21:01:00 Success.
2025-12-10 21:01:00 Latest version is 1.10.6
2025-12-10 21:01:00 App is up to date.
2025-12-11 21:43:35 Loading main app package /usr/lib/obsidian/obsidian.asar
2025-12-11 21:43:35 Checking for update using Github
2025-12-11 21:43:36 Success.
2025-12-11 21:43:36 Latest version is 1.10.6
2025-12-11 21:43:36 App is up to date.
2025-12-13 09:55:04 Loading main app package /usr/lib/obsidian/obsidian.asar
2025-12-13 09:55:05 Checking for update using Github
2025-12-13 09:55:05 Success.
2025-12-13 09:55:05 Latest version is 1.10.6
2025-12-13 09:55:05 App is up to date.
2025-12-13 10:55:04 Checking for update using Github
2025-12-13 10:55:05 Success.
2025-12-13 10:55:05 Latest version is 1.10.6
2025-12-13 10:55:05 App is up to date.
2025-12-13 11:55:04 Checking for update using Github
2025-12-13 11:55:05 Success.
2025-12-13 11:55:05 Latest version is 1.10.6
2025-12-13 11:55:05 App is up to date.
2025-12-27 11:58:36 Loading main app package /usr/lib/obsidian/obsidian.asar
2025-12-27 11:58:37 Checking for update using Github
2025-12-27 11:58:37 Success.
2025-12-27 11:58:37 Latest version is 1.10.6
2025-12-27 11:58:37 App is up to date.
2025-12-27 12:58:36 Checking for update using Github
2025-12-27 12:58:36 Success.
2025-12-27 12:58:36 Latest version is 1.10.6
2025-12-27 12:58:36 App is up to date.
2025-12-27 15:10:38 Loading main app package /usr/lib/obsidian/obsidian.asar
2025-12-27 15:10:39 Checking for update using Github
2025-12-27 15:10:39 Success.
2025-12-27 15:10:39 Latest version is 1.10.6
2025-12-27 15:10:39 App is up to date.
2025-12-28 08:17:19 Loading main app package /usr/lib/obsidian/obsidian.asar
2025-12-28 08:17:20 Checking for update using Github
2025-12-28 08:17:20 Success.
2025-12-28 08:17:20 Latest version is 1.10.6
2025-12-28 08:17:20 App is up to date.
2025-12-28 09:17:19 Checking for update using Github
2025-12-28 09:17:19 Success.
2025-12-28 09:17:19 Latest version is 1.10.6
2025-12-28 09:17:19 App is up to date.
2025-12-28 10:30:45 Loading main app package /usr/lib/obsidian/obsidian.asar
2025-12-28 10:30:46 Checking for update using Github
2025-12-28 10:30:46 Success.
2025-12-28 10:30:46 Latest version is 1.10.6
2025-12-28 10:30:46 App is up to date.
2025-12-28 11:30:45 Checking for update using Github
2025-12-28 11:30:46 Success.
2025-12-28 11:30:46 Latest version is 1.10.6
2025-12-28 11:30:46 App is up to date.
2025-12-28 12:30:45 Checking for update using Github
2025-12-28 12:30:46 Success.
2025-12-28 12:30:46 Latest version is 1.10.6
2025-12-28 12:30:46 App is up to date.
2025-12-28 13:30:45 Checking for update using Github
2025-12-28 13:30:46 Success.
2025-12-28 13:30:46 Latest version is 1.10.6
2025-12-28 13:30:46 App is up to date.
2025-12-28 14:30:45 Checking for update using Github
2025-12-28 14:30:46 Success.
2025-12-28 14:30:46 Latest version is 1.10.6
2025-12-28 14:30:46 App is up to date.
2025-12-28 15:30:45 Checking for update using Github
2025-12-28 15:30:46 Success.
2025-12-28 15:30:46 Latest version is 1.10.6
2025-12-28 15:30:46 App is up to date.
2025-12-28 16:30:45 Checking for update using Github
2025-12-28 16:30:46 Success.
2025-12-28 16:30:46 Latest version is 1.10.6
2025-12-28 16:30:46 App is up to date.
2025-12-28 17:30:45 Checking for update using Github
2025-12-28 17:30:46 Success.
2025-12-28 17:30:46 Latest version is 1.10.6
2025-12-28 17:30:46 App is up to date.
2025-12-28 18:30:46 Checking for update using Github
2025-12-28 18:30:46 Success.
2025-12-28 18:30:46 Latest version is 1.10.6
2025-12-28 18:30:46 App is up to date.
2025-12-28 19:30:46 Checking for update using Github
2025-12-28 19:30:46 Success.
2025-12-28 19:30:46 Latest version is 1.10.6
2025-12-28 19:30:46 App is up to date.
2025-12-28 20:30:46 Checking for update using Github
2025-12-28 20:30:46 Success.
2025-12-28 20:30:46 Latest version is 1.10.6
2025-12-28 20:30:46 App is up to date.
2025-12-28 21:30:46 Checking for update using Github
2025-12-28 21:30:46 Success.
2025-12-28 21:30:46 Latest version is 1.10.6
2025-12-28 21:30:46 App is up to date.
2025-12-29 17:11:45 Loading main app package /usr/lib/obsidian/obsidian.asar
2025-12-29 17:11:45 Checking for update using Github
2025-12-29 17:11:48 Success.
2025-12-29 17:11:48 Latest version is 1.10.6
2025-12-29 17:11:48 App is up to date.
2026-01-10 16:39:00 Loading main app package /usr/lib/obsidian/obsidian.asar
2026-01-10 16:39:01 Checking for update using Github
2026-01-10 16:39:01 Success.
2026-01-10 16:39:01 Latest version is 1.10.6
2026-01-10 16:39:01 App is up to date.
2026-01-10 17:39:00 Checking for update using Github
2026-01-10 17:39:01 Success.
2026-01-10 17:39:01 Latest version is 1.10.6
2026-01-10 17:39:01 App is up to date.
2026-01-10 18:39:00 Checking for update using Github
2026-01-10 18:39:01 Success.
2026-01-10 18:39:01 Latest version is 1.10.6
2026-01-10 18:39:01 App is up to date.
2026-01-10 19:39:00 Checking for update using Github
2026-01-10 19:39:02 Success.
2026-01-10 19:39:02 Latest version is 1.10.6
2026-01-10 19:39:02 App is up to date.
2026-01-10 20:39:00 Checking for update using Github
2026-01-10 20:39:01 Success.
2026-01-10 20:39:01 Latest version is 1.10.6
2026-01-10 20:39:01 App is up to date.
2026-01-14 18:12:05 Loading main app package /usr/lib/obsidian/obsidian.asar
2026-01-14 18:12:06 Checking for update using Github
2026-01-14 18:12:06 Success.
2026-01-14 18:12:06 Latest version is 1.11.4
2026-01-14 18:12:06 Downloading update from https://github.com/obsidianmd/obsidian-releases/releases/download/v1.11.4/obsidian-1.11.4.asar.gz
2026-01-14 18:12:07 Verifying hash & signature. Size= 8769455
2026-01-14 18:12:07 Saving file
2026-01-14 18:12:08 Update complete.
2026-01-14 19:12:05 Checking for update using Github
2026-01-14 19:12:06 Success.
2026-01-14 19:12:06 Latest version is 1.11.4
2026-01-14 19:12:06 An update is already downloaded.
2026-01-15 22:07:10 Loading main app package /usr/lib/obsidian/obsidian.asar
2026-01-15 22:07:10 Checking for update using Github
2026-01-15 22:07:10 Success.
2026-01-15 22:07:10 Latest version is 1.11.4
2026-01-15 22:07:10 App is up to date.
2026-01-18 22:21:16 Loading main app package /usr/lib/obsidian/obsidian.asar
2026-01-18 22:21:16 Checking for update using Github
2026-01-18 22:21:16 Success.
2026-01-18 22:21:16 Latest version is 1.11.4
2026-01-18 22:21:16 App is up to date.
2026-01-19 18:19:55 Loading main app package /usr/lib/obsidian/obsidian.asar
2026-01-19 18:19:56 Checking for update using Github
2026-01-19 18:19:56 Success.
2026-01-19 18:19:56 Latest version is 1.11.4
2026-01-19 18:19:56 App is up to date.
2026-01-20 16:35:30 Loading main app package /usr/lib/obsidian/obsidian.asar
2026-01-20 16:35:30 Checking for update using Github
2026-01-20 16:35:30 Success.
2026-01-20 16:35:30 Latest version is 1.11.4
2026-01-20 16:35:30 App is up to date.
2026-01-20 17:35:30 Checking for update using Github
2026-01-20 17:35:30 Success.
2026-01-20 17:35:30 Latest version is 1.11.4
2026-01-20 17:35:30 App is up to date.
2026-01-24 12:20:33 Loading main app package /usr/lib/obsidian/obsidian.asar
2026-01-24 12:20:34 Checking for update using Github
2026-01-24 12:20:34 Success.
2026-01-24 12:20:34 Latest version is 1.11.5
2026-01-24 12:20:34 App is up to date.
2026-01-24 13:20:33 Checking for update using Github
2026-01-24 13:20:34 Success.
2026-01-24 13:20:34 Latest version is 1.11.5
2026-01-24 13:20:34 App is up to date.
2026-01-24 14:20:34 Checking for update using Github
2026-01-24 14:20:34 Success.
2026-01-24 14:20:34 Latest version is 1.11.5
2026-01-24 14:20:34 App is up to date.
2026-01-24 15:20:34 Checking for update using Github
2026-01-24 15:20:34 Success.
2026-01-24 15:20:34 Latest version is 1.11.5
2026-01-24 15:20:34 App is up to date.
2026-01-27 08:20:32 Loading main app package /usr/lib/obsidian/obsidian.asar
2026-01-27 08:20:32 Checking for update using Github
2026-01-27 08:20:33 Success.
2026-01-27 08:20:33 Latest version is 1.11.5
2026-01-27 08:20:33 App is up to date.
2026-01-27 08:25:54 Loading main app package /usr/lib/obsidian/obsidian.asar
2026-01-27 08:25:55 Checking for update using Github
2026-01-27 08:25:55 Success.
2026-01-27 08:25:55 Latest version is 1.11.5
2026-01-27 08:25:55 App is up to date.
2026-01-27 16:21:14 Loading main app package /usr/lib/obsidian/obsidian.asar
2026-01-27 16:21:14 Checking for update using Github
2026-01-27 16:21:15 Success.
2026-01-27 16:21:15 Latest version is 1.11.5
2026-01-27 16:21:15 App is up to date.
2026-01-27 20:11:54 Loading main app package /usr/lib/obsidian/obsidian.asar
2026-01-27 20:11:55 Checking for update using Github
2026-01-27 20:11:55 Success.
2026-01-27 20:11:55 Latest version is 1.11.5
2026-01-27 20:11:55 App is up to date.
2026-01-28 04:38:48 Loading main app package /usr/lib/obsidian/obsidian.asar
2026-01-28 04:38:49 Checking for update using Github
2026-01-28 04:38:49 Success.
2026-01-28 04:38:49 Latest version is 1.11.5
2026-01-28 04:38:49 App is up to date.
2026-01-28 17:02:34 Loading main app package /usr/lib/obsidian/obsidian.asar
2026-01-28 17:02:34 Checking for update using Github
2026-01-28 17:02:34 Success.
2026-01-28 17:02:34 Latest version is 1.11.5
2026-01-28 17:02:34 App is up to date.
2026-01-28 18:02:34 Checking for update using Github
2026-01-28 18:02:34 Success.
2026-01-28 18:02:34 Latest version is 1.11.5
2026-01-28 18:02:34 App is up to date.
2026-01-28 22:08:08 Loading main app package /usr/lib/obsidian/obsidian.asar
2026-01-28 22:08:08 Checking for update using Github
2026-01-28 22:08:08 Success.
2026-01-28 22:08:08 Latest version is 1.11.5
2026-01-28 22:08:08 App is up to date.
2026-02-16 16:36:13 Loaded main app package /usr/lib/obsidian/obsidian.asar
2026-02-16 16:36:14 Checking for update using Github
2026-02-16 16:36:14 Success.
2026-02-16 16:36:14 Latest version is 1.11.7
2026-02-16 16:36:14 App is up to date.
2026-02-16 17:36:13 Checking for update using Github
2026-02-16 17:36:14 Success.
2026-02-16 17:36:14 Latest version is 1.11.7
2026-02-16 17:36:14 App is up to date.
2026-02-17 16:06:24 Loaded main app package /usr/lib/obsidian/obsidian.asar
2026-02-17 16:06:25 Checking for update using Github
2026-02-17 16:06:25 Success.
2026-02-17 16:06:25 Latest version is 1.11.7
2026-02-17 16:06:25 App is up to date.
2026-02-17 17:06:24 Checking for update using Github
2026-02-17 17:06:25 Success.
2026-02-17 17:06:25 Latest version is 1.11.7
2026-02-17 17:06:25 App is up to date.
2026-02-20 17:41:50 Loaded main app package /usr/lib/obsidian/obsidian.asar
2026-02-20 17:41:50 Checking for update using Github
2026-02-20 17:41:51 Success.
2026-02-20 17:41:51 Latest version is 1.11.7
2026-02-20 17:41:51 App is up to date.
2026-03-03 11:22:57 Loaded main app package /usr/lib/obsidian/obsidian.asar
2026-03-03 11:22:57 Checking for update using Github
2026-03-03 11:22:57 Failed to check for update using Github (net::ERR_NAME_NOT_RESOLVED)
2026-03-03 11:22:57 Checking for update using obsidian.md
2026-03-03 11:22:57 Failed to check for update using obsidian.md (net::ERR_NAME_NOT_RESOLVED)
2026-03-03 12:22:57 Checking for update using Github
2026-03-03 12:22:58 Success.
2026-03-03 12:22:58 Latest version is 1.12.4
2026-03-03 12:22:58 App is up to date.
2026-03-03 13:22:57 Checking for update using Github
2026-03-03 13:22:57 Success.
2026-03-03 13:22:57 Latest version is 1.12.4
2026-03-03 13:22:57 App is up to date.
2026-03-03 14:22:57 Checking for update using Github
2026-03-03 14:22:57 Success.
2026-03-03 14:22:57 Latest version is 1.12.4
2026-03-03 14:22:57 App is up to date.
2026-03-03 15:22:57 Checking for update using Github
2026-03-03 15:22:57 Success.
2026-03-03 15:22:57 Latest version is 1.12.4
2026-03-03 15:22:57 App is up to date.
2026-03-04 07:38:25 Loaded main app package /usr/lib/obsidian/obsidian.asar
2026-03-04 07:38:25 Checking for update using Github
2026-03-04 07:38:34 Failed to check for update using Github (net::ERR_NETWORK_CHANGED)
2026-03-04 07:38:34 Checking for update using obsidian.md
2026-03-04 07:38:34 Failed to check for update using obsidian.md (net::ERR_NAME_NOT_RESOLVED)
2026-03-04 08:38:25 Checking for update using Github
2026-03-04 08:38:27 Success.
2026-03-04 08:38:27 Latest version is 1.12.4
2026-03-04 08:38:27 App is up to date.
2026-03-04 09:38:25 Checking for update using Github
2026-03-04 09:38:25 Success.
2026-03-04 09:38:25 Latest version is 1.12.4
2026-03-04 09:38:25 App is up to date.
2026-03-04 10:38:25 Checking for update using Github
2026-03-04 10:38:25 Success.
2026-03-04 10:38:25 Latest version is 1.12.4
2026-03-04 10:38:25 App is up to date.
2026-03-04 11:38:25 Checking for update using Github
2026-03-04 11:38:25 Success.
2026-03-04 11:38:25 Latest version is 1.12.4
2026-03-04 11:38:25 App is up to date.
2026-03-04 12:24:52 Loaded main app package /usr/lib/obsidian/obsidian.asar
2026-03-04 12:24:52 Checking for update using Github
2026-03-04 12:24:53 Success.
2026-03-04 12:24:53 Latest version is 1.12.4
2026-03-04 12:24:53 App is up to date.
2026-03-04 12:25:34 Loaded main app package /usr/lib/obsidian/obsidian.asar
2026-03-04 12:25:34 Checking for update using Github
2026-03-04 12:25:34 Success.
2026-03-04 12:25:34 Latest version is 1.12.4
2026-03-04 12:25:34 App is up to date.
2026-03-04 12:25:48 Checking for update using Github
2026-03-04 12:25:48 Success.
2026-03-04 12:25:48 Latest version is 1.12.4
2026-03-04 12:25:48 App is up to date.
2026-03-04 12:26:51 Loaded main app package /usr/lib/obsidian/obsidian.asar
2026-03-04 12:26:51 Checking for update using Github
2026-03-04 12:26:51 Success.
2026-03-04 12:26:51 Latest version is 1.12.4
2026-03-04 12:26:51 App is up to date.
2026-03-04 13:26:51 Checking for update using Github
2026-03-04 13:26:52 Success.
2026-03-04 13:26:52 Latest version is 1.12.4
2026-03-04 13:26:52 App is up to date.
2026-03-04 14:26:51 Checking for update using Github
2026-03-04 14:26:52 Success.
2026-03-04 14:26:52 Latest version is 1.12.4
2026-03-04 14:26:52 App is up to date.
2026-03-04 15:26:51 Checking for update using Github
2026-03-04 15:26:52 Success.
2026-03-04 15:26:52 Latest version is 1.12.4
2026-03-04 15:26:52 App is up to date.
2026-03-05 07:27:46 Loaded main app package /usr/lib/obsidian/obsidian.asar
2026-03-05 07:27:46 Checking for update using Github
2026-03-05 07:27:46 Success.
2026-03-05 07:27:46 Latest version is 1.12.4
2026-03-05 07:27:46 App is up to date.
2026-03-05 08:27:46 Checking for update using Github
2026-03-05 08:27:46 Success.
2026-03-05 08:27:46 Latest version is 1.12.4
2026-03-05 08:27:46 App is up to date.
2026-03-05 09:27:46 Checking for update using Github
2026-03-05 09:27:46 Success.
2026-03-05 09:27:46 Latest version is 1.12.4
2026-03-05 09:27:46 App is up to date.
2026-03-05 10:27:46 Checking for update using Github
2026-03-05 10:27:46 Success.
2026-03-05 10:27:46 Latest version is 1.12.4
2026-03-05 10:27:46 App is up to date.
2026-03-05 11:27:46 Checking for update using Github
2026-03-05 11:27:46 Success.
2026-03-05 11:27:46 Latest version is 1.12.4
2026-03-05 11:27:46 App is up to date.
2026-03-05 12:27:46 Checking for update using Github
2026-03-05 12:27:46 Success.
2026-03-05 12:27:46 Latest version is 1.12.4
2026-03-05 12:27:46 App is up to date.
2026-03-05 13:34:02 Checking for update using Github
2026-03-05 13:35:45 Loaded main app package /usr/lib/obsidian/obsidian.asar
2026-03-05 13:35:45 Checking for update using Github
2026-03-05 13:35:46 Success.
2026-03-05 13:35:46 Latest version is 1.12.4
2026-03-05 13:35:46 App is up to date.
2026-03-05 14:35:45 Checking for update using Github
2026-03-05 14:35:46 Success.
2026-03-05 14:35:46 Latest version is 1.12.4
2026-03-05 14:35:46 App is up to date.
2026-03-05 15:35:45 Checking for update using Github
2026-03-05 15:35:46 Success.
2026-03-05 15:35:46 Latest version is 1.12.4
2026-03-05 15:35:46 App is up to date.
2026-03-06 06:33:12 Loaded main app package /usr/lib/obsidian/obsidian.asar
2026-03-06 06:33:12 Checking for update using Github
2026-03-06 06:33:12 Success.
2026-03-06 06:33:12 Latest version is 1.12.4
2026-03-06 06:33:12 App is up to date.
2026-03-06 07:33:12 Checking for update using Github
2026-03-06 07:33:12 Success.
2026-03-06 07:33:12 Latest version is 1.12.4
2026-03-06 07:33:12 App is up to date.
2026-03-06 08:33:12 Checking for update using Github
2026-03-06 08:33:12 Success.
2026-03-06 08:33:12 Latest version is 1.12.4
2026-03-06 08:33:12 App is up to date.
2026-03-06 09:32:09 Loaded main app package /usr/lib/obsidian/obsidian.asar
2026-03-06 09:32:09 Checking for update using Github
2026-03-06 09:32:39 Failed to check for update using Github (net::ERR_TIMED_OUT)
2026-03-06 09:32:39 Checking for update using obsidian.md
2026-03-06 09:32:39 Failed to check for update using obsidian.md (Unexpected end of JSON input)
2026-03-06 10:20:25 Loaded main app package /usr/lib/obsidian/obsidian.asar
2026-03-06 10:20:25 Checking for update using Github
2026-03-06 10:20:26 Success.
2026-03-06 10:20:26 Latest version is 1.12.4
2026-03-06 10:20:26 App is up to date.
2026-03-06 11:20:25 Checking for update using Github
2026-03-06 11:20:26 Success.
2026-03-06 11:20:26 Latest version is 1.12.4
2026-03-06 11:20:26 App is up to date.
2026-03-06 12:41:18 Loaded main app package /usr/lib/obsidian/obsidian.asar
2026-03-06 12:41:18 Checking for update using Github
2026-03-06 12:41:18 Success.
2026-03-06 12:41:18 Latest version is 1.12.4
2026-03-06 12:41:18 App is up to date.
2026-03-06 13:41:18 Checking for update using Github
2026-03-06 13:41:18 Success.
2026-03-06 13:41:18 Latest version is 1.12.4
2026-03-06 13:41:18 App is up to date.
2026-03-06 15:18:22 Loaded main app package /usr/lib/obsidian/obsidian.asar
2026-03-06 15:18:22 Checking for update using Github
2026-03-06 15:18:23 Success.
2026-03-06 15:18:23 Latest version is 1.12.4
2026-03-06 15:18:23 App is up to date.
2026-03-07 16:55:18 Loaded main app package /usr/lib/obsidian/obsidian.asar
2026-03-07 16:55:18 Checking for update using Github
2026-03-07 16:55:18 Success.
2026-03-07 16:55:18 Latest version is 1.12.4
2026-03-07 16:55:18 App is up to date.
2026-03-07 17:55:18 Checking for update using Github
2026-03-07 17:55:18 Success.
2026-03-07 17:55:18 Latest version is 1.12.4
2026-03-07 17:55:18 App is up to date.
2026-03-10 07:17:02 Loaded main app package /usr/lib/obsidian/obsidian.asar
2026-03-10 07:17:02 Checking for update using Github
2026-03-10 07:17:03 Success.
2026-03-10 07:17:03 Latest version is 1.12.4
2026-03-10 07:17:03 App is up to date.
2026-03-10 08:09:49 Loaded main app package /usr/lib/obsidian/obsidian.asar
2026-03-10 08:09:50 Checking for update using Github
2026-03-10 08:09:50 Success.
2026-03-10 08:09:50 Latest version is 1.12.4
2026-03-10 08:09:50 App is up to date.
2026-03-10 09:09:49 Checking for update using Github
2026-03-10 09:09:50 Success.
2026-03-10 09:09:50 Latest version is 1.12.4
2026-03-10 09:09:50 App is up to date.
2026-03-10 10:09:49 Checking for update using Github
2026-03-10 10:09:50 Success.
2026-03-10 10:09:50 Latest version is 1.12.4
2026-03-10 10:09:50 App is up to date.
2026-03-10 11:09:49 Checking for update using Github
2026-03-10 11:09:50 Success.
2026-03-10 11:09:50 Latest version is 1.12.4
2026-03-10 11:09:50 App is up to date.
2026-03-10 12:09:49 Checking for update using Github
2026-03-10 12:09:50 Success.
2026-03-10 12:09:50 Latest version is 1.12.4
2026-03-10 12:09:50 App is up to date.
2026-03-10 13:09:50 Checking for update using Github
2026-03-10 13:09:50 Success.
2026-03-10 13:09:50 Latest version is 1.12.4
2026-03-10 13:09:50 App is up to date.
2026-03-10 14:09:50 Checking for update using Github
2026-03-10 14:09:50 Success.
2026-03-10 14:09:50 Latest version is 1.12.4
2026-03-10 14:09:50 App is up to date.
2026-03-10 15:09:50 Checking for update using Github
2026-03-10 15:09:50 Success.
2026-03-10 15:09:50 Latest version is 1.12.4
2026-03-10 15:09:50 App is up to date.
2026-03-11 10:53:56 Loaded main app package /usr/lib/obsidian/obsidian.asar
2026-03-11 10:53:56 Checking for update using Github
2026-03-11 10:53:57 Success.
2026-03-11 10:53:57 Latest version is 1.12.4
2026-03-11 10:53:57 App is up to date.
2026-03-12 07:31:28 Loaded main app package /usr/lib/obsidian/obsidian.asar
2026-03-12 07:31:28 Checking for update using Github
2026-03-12 07:31:37 Success.
2026-03-12 07:31:37 Latest version is 1.12.4
2026-03-12 07:31:37 App is up to date.
2026-03-12 07:36:45 Loaded main app package /usr/lib/obsidian/obsidian.asar
2026-03-12 07:36:45 Checking for update using Github
2026-03-12 07:36:45 Failed to check for update using Github (net::ERR_NAME_NOT_RESOLVED)
2026-03-12 07:36:45 Checking for update using obsidian.md
2026-03-12 07:36:45 Failed to check for update using obsidian.md (net::ERR_NAME_NOT_RESOLVED)
2026-03-12 08:00:12 Loaded main app package /usr/lib/obsidian/obsidian.asar
2026-03-12 08:00:12 Checking for update using Github
2026-03-12 08:00:12 Failed to check for update using Github (net::ERR_NAME_NOT_RESOLVED)
2026-03-12 08:00:12 Checking for update using obsidian.md
2026-03-12 08:00:12 Failed to check for update using obsidian.md (net::ERR_NAME_NOT_RESOLVED)
2026-03-12 09:34:51 Loaded main app package /usr/lib/obsidian/obsidian.asar
2026-03-12 09:34:51 Checking for update using Github
2026-03-12 09:34:52 Success.
2026-03-12 09:34:52 Latest version is 1.12.4
2026-03-12 09:34:52 App is up to date.
2026-03-12 10:34:51 Checking for update using Github
2026-03-12 10:34:52 Success.
2026-03-12 10:34:52 Latest version is 1.12.4
2026-03-12 10:34:52 App is up to date.
2026-03-12 11:47:20 Checking for update using Github
2026-03-12 11:47:40 Failed to check for update using Github (net::ERR_NAME_NOT_RESOLVED)
2026-03-12 11:47:40 Checking for update using obsidian.md
2026-03-12 11:48:00 Failed to check for update using obsidian.md (net::ERR_NAME_NOT_RESOLVED)
2026-03-12 12:47:20 Checking for update using Github
2026-03-12 12:47:21 Success.
2026-03-12 12:47:21 Latest version is 1.12.4
2026-03-12 12:47:21 App is up to date.
